<?xml version="1.0" encoding="UTF-8" ?>
<testsuite failures="0" time="84.2" errors="0" skipped="0" tests="40" name="fundtransfer.test.RunCukesTest">
  <properties>
    <property name="java.runtime.name" value="Java(TM) SE Runtime Environment"/>
    <property name="sun.boot.library.path" value="C:\Program Files\Java\jre7\bin"/>
    <property name="java.vm.version" value="24.60-b09"/>
    <property name="java.vm.vendor" value="Oracle Corporation"/>
    <property name="java.vendor.url" value="http://java.oracle.com/"/>
    <property name="path.separator" value=";"/>
    <property name="guice.disable.misplaced.annotation.check" value="true"/>
    <property name="java.vm.name" value="Java HotSpot(TM) Client VM"/>
    <property name="file.encoding.pkg" value="sun.io"/>
    <property name="user.script" value=""/>
    <property name="user.country" value="US"/>
    <property name="sun.java.launcher" value="SUN_STANDARD"/>
    <property name="sun.os.patch.level" value="Service Pack 1"/>
    <property name="java.vm.specification.name" value="Java Virtual Machine Specification"/>
    <property name="user.dir" value="E:\Se_UmeshGundecha\FundTransfer"/>
    <property name="java.runtime.version" value="1.7.0_60-ea-b15"/>
    <property name="java.awt.graphicsenv" value="sun.awt.Win32GraphicsEnvironment"/>
    <property name="java.endorsed.dirs" value="C:\Program Files\Java\jre7\lib\endorsed"/>
    <property name="os.arch" value="x86"/>
    <property name="java.io.tmpdir" value="C:\Users\shree\AppData\Local\Temp\"/>
    <property name="line.separator" value="
"/>
    <property name="java.vm.specification.vendor" value="Oracle Corporation"/>
    <property name="user.variant" value=""/>
    <property name="os.name" value="Windows 7"/>
    <property name="classworlds.conf" value="E:\Se_UmeshGundecha\.metadata\.plugins\org.eclipse.m2e.launching\launches\m2conf1167901695589844043.tmp"/>
    <property name="sun.jnu.encoding" value="Cp1252"/>
    <property name="java.library.path" value="C:\Program Files\Java\jre7\bin;C:\Windows\Sun\Java\bin;C:\Windows\system32;C:\Windows;C:/Program Files/Java/jre7/bin/client;C:/Program Files/Java/jre7/bin;C:/Program Files/Java/jre7/lib/i386;C:\Ruby193\bin;D:\oracle\product\10.2.0\db_1\bin;C:\Windows\system32;C:\Windows;C:\Windows\System32\Wbem;C:\Windows\System32\WindowsPowerShell\v1.0\;C:\Program Files\Java\jre7\bin;F:\SELENIUM JAR FILES\apache-maven-3.2.1\bin;F:\My SQL\MySQL Utilities 1.3.6\;F:\ANT\apache-ant-1.9.4\bin;F:\eclipse;;."/>
    <property name="java.specification.name" value="Java Platform API Specification"/>
    <property name="java.class.version" value="51.0"/>
    <property name="sun.management.compiler" value="HotSpot Client Compiler"/>
    <property name="os.version" value="6.1"/>
    <property name="user.home" value="C:\Users\shree"/>
    <property name="user.timezone" value="Asia/Calcutta"/>
    <property name="java.awt.printerjob" value="sun.awt.windows.WPrinterJob"/>
    <property name="java.specification.version" value="1.7"/>
    <property name="file.encoding" value="Cp1252"/>
    <property name="user.name" value="shree"/>
    <property name="java.class.path" value="/F:/eclipse/configuration/org.eclipse.osgi/bundles/275/1/.cp/jars/plexus-classworlds-2.4.jar"/>
    <property name="java.vm.specification.version" value="1.7"/>
    <property name="sun.arch.data.model" value="32"/>
    <property name="java.home" value="C:\Program Files\Java\jre7"/>
    <property name="sun.java.command" value="org.codehaus.plexus.classworlds.launcher.Launcher -B test"/>
    <property name="java.specification.vendor" value="Oracle Corporation"/>
    <property name="user.language" value="en"/>
    <property name="awt.toolkit" value="sun.awt.windows.WToolkit"/>
    <property name="java.vm.info" value="mixed mode, sharing"/>
    <property name="java.version" value="1.7.0_60-ea"/>
    <property name="java.ext.dirs" value="C:\Program Files\Java\jre7\lib\ext;C:\Windows\Sun\Java\lib\ext"/>
    <property name="sun.boot.class.path" value="C:\Program Files\Java\jre7\lib\resources.jar;C:\Program Files\Java\jre7\lib\rt.jar;C:\Program Files\Java\jre7\lib\sunrsasign.jar;C:\Program Files\Java\jre7\lib\jsse.jar;C:\Program Files\Java\jre7\lib\jce.jar;C:\Program Files\Java\jre7\lib\charsets.jar;C:\Program Files\Java\jre7\lib\jfr.jar;C:\Program Files\Java\jre7\classes"/>
    <property name="java.vendor" value="Oracle Corporation"/>
    <property name="maven.home" value="E:\Se_UmeshGundecha\FundTransfer\EMBEDDED"/>
    <property name="file.separator" value="\"/>
    <property name="java.vendor.url.bug" value="http://bugreport.sun.com/bugreport/"/>
    <property name="maven.bootclasspath" value="/F:/eclipse/configuration/org.eclipse.osgi/bundles/275/1/.cp/jars/plexus-classworlds-2.4.jar"/>
    <property name="sun.cpu.endian" value="little"/>
    <property name="sun.io.unicode.encoding" value="UnicodeLittle"/>
    <property name="sun.desktop" value="windows"/>
    <property name="sun.cpu.isalist" value="pentium_pro+mmx pentium_pro pentium+mmx pentium i486 i386 i86"/>
  </properties>
  <testcase time="0" classname="Given the user is on Fund Transfer Page   " name="Given the user is on Fund Transfer Page   "/>
  <testcase time="0" classname="When he enters \&quot;Jim\&quot; as payee name    " name="When he enters \&quot;Jim\&quot; as payee name    "/>
  <testcase time="0" classname="And he enters \&quot;100\&quot; as amount     " name="And he enters \&quot;100\&quot; as amount     "/>
  <testcase time="0" classname="And he Submits request for Fund Transfer      " name="And he Submits request for Fund Transfer      "/>
  <testcase time="0" classname="Then ensure the fund transfer is complete with \&quot;$100 transferred successfully to Jim!!\&quot; message       " name="Then ensure the fund transfer is complete with \&quot;$100 transferred successfully to Jim!!\&quot; message       "/>
  <testcase time="0.001" classname="Scenario: Valid Payee  " name="Scenario: Valid Payee  "/>
  <testcase time="0" classname="Given the user is on Fund Transfer Page         " name="Given the user is on Fund Transfer Page         "/>
  <testcase time="0" classname="When he enters \&quot;Jack\&quot; as payee name          " name="When he enters \&quot;Jack\&quot; as payee name          "/>
  <testcase time="0" classname="And he enters \&quot;100\&quot; as amount           " name="And he enters \&quot;100\&quot; as amount           "/>
  <testcase time="0" classname="And he Submits request for Fund Transfer            " name="And he Submits request for Fund Transfer            "/>
  <testcase time="0" classname="Then ensure a transaction failure message \&quot;Transfer failed!! \&apos;Jack\&apos; is not registered in your List of Payees\&quot; is displayed             " name="Then ensure a transaction failure message \&quot;Transfer failed!! \&apos;Jack\&apos; is not registered in your List of Payees\&quot; is displayed             "/>
  <testcase time="0" classname="Scenario: Invalid Payee        " name="Scenario: Invalid Payee        "/>
  <testcase time="0" classname="Given the user is on Fund Transfer Page               " name="Given the user is on Fund Transfer Page               "/>
  <testcase time="0" classname="When he enters \&quot;Tim\&quot; as payee name                " name="When he enters \&quot;Tim\&quot; as payee name                "/>
  <testcase time="0" classname="And he enters \&quot;1000000\&quot; as amount                 " name="And he enters \&quot;1000000\&quot; as amount                 "/>
  <testcase time="0" classname="And he Submits request for Fund Transfer                  " name="And he Submits request for Fund Transfer                  "/>
  <testcase time="0" classname="Then ensure a transaction failure message \&quot;Transfer failed!! account cannot be overdrawn\&quot; is displayed                   " name="Then ensure a transaction failure message \&quot;Transfer failed!! account cannot be overdrawn\&quot; is displayed                   "/>
  <testcase time="0.001" classname="Scenario: Account is overdrawn past the overdraft limit              " name="Scenario: Account is overdrawn past the overdraft limit              "/>
  <testcase time="0.001" classname="Given the user is on Fund Transfer Page                     " name="Given the user is on Fund Transfer Page                     "/>
  <testcase time="0" classname="When he enters \&quot;\&quot; as payee name                      " name="When he enters \&quot;\&quot; as payee name                      "/>
  <testcase time="0" classname="And he enters \&quot;100\&quot; as amount                       " name="And he enters \&quot;100\&quot; as amount                       "/>
  <testcase time="0" classname="And he Submits request for Fund Transfer                        " name="And he Submits request for Fund Transfer                        "/>
  <testcase time="0" classname="Then ensure an edit message \&quot;Please enter a valid Payee name\&quot; is displayed                         " name="Then ensure an edit message \&quot;Please enter a valid Payee name\&quot; is displayed                         "/>
  <testcase time="0" classname="Scenario: Blank Payee                    " name="Scenario: Blank Payee                    "/>
  <testcase time="0" classname="Given the user is on Fund Transfer Page                           " name="Given the user is on Fund Transfer Page                           "/>
  <testcase time="0" classname="And he Submits request for Fund Transfer                            " name="And he Submits request for Fund Transfer                            "/>
  <testcase time="0" classname="Then ensure an edit message \&quot;Please enter a valid Payee name\&quot; is displayed                             " name="Then ensure an edit message \&quot;Please enter a valid Payee name\&quot; is displayed                             "/>
  <testcase time="0.002" classname="Scenario: Click on Transfer button without entering anything                          " name="Scenario: Click on Transfer button without entering anything                          "/>
  <testcase time="0" classname="Given the user is on Fund Transfer Page                               " name="Given the user is on Fund Transfer Page                               "/>
  <testcase time="0" classname="When he enters \&quot;Jim\&quot; as payee name                                " name="When he enters \&quot;Jim\&quot; as payee name                                "/>
  <testcase time="0" classname="And he enters \&quot;\&quot; as amount                                 " name="And he enters \&quot;\&quot; as amount                                 "/>
  <testcase time="0" classname="And he Submits request for Fund Transfer                                  " name="And he Submits request for Fund Transfer                                  "/>
  <testcase time="0" classname="Then ensure an edit message \&quot;Please a valid amount\&quot; is displayed                                   " name="Then ensure an edit message \&quot;Please a valid amount\&quot; is displayed                                   "/>
  <testcase time="0" classname="Scenario: Blank Amount                              " name="Scenario: Blank Amount                              "/>
  <testcase time="0" classname="Given the user is on Fund Transfer Page                                     " name="Given the user is on Fund Transfer Page                                     "/>
  <testcase time="0" classname="When he enters \&quot;Jim\&quot; as payee name                                      " name="When he enters \&quot;Jim\&quot; as payee name                                      "/>
  <testcase time="0" classname="And he enters \&quot;4$5@3\&quot; as amount                                       " name="And he enters \&quot;4$5@3\&quot; as amount                                       "/>
  <testcase time="0" classname="And he Submits request for Fund Transfer                                        " name="And he Submits request for Fund Transfer                                        "/>
  <testcase time="0" classname="Then ensure an edit message \&quot;Please a valid amount\&quot; is displayed                                         " name="Then ensure an edit message \&quot;Please a valid amount\&quot; is displayed                                         "/>
  <testcase time="0" classname="Scenario: Alphanumeric Amount                                    " name="Scenario: Alphanumeric Amount                                    "/>
</testsuite>